+-----------------------------------------------------------------------------------------------------------------------------------------+
|Plan HV     Min Snap  Max Snap  Execs       LIO            PIO            CPU         Elapsed        CPU/EXE     ELA/EXE     WALL/EXE    |
+-----------------------------------------------------------------------------------------------------------------------------------------+
|1675097246  1767      1913      27,250      105,703,611    19,849         814.55      839.73         0.0299      0.0308      0.0308      |
|971855240   1931      1940      7,265       4,682,202,110  8,294          36,218.84   36,277.75      4.9854      4.9935      4.9935      |
+-----------------------------------------------------------------------------------------------------------------------------------------+
.
========== PHV = 1675097246==========
First seen from "07/28/22 15:00:23" (snap #1767)
Last seen from  "08/03/22 17:00:55" (snap #1913)
.
Execs          LIO            PIO            CPU            Elapsed
=====          ===            ===            ===            =======
27,250         105,703,611    19,849         814.55         839.73
.
Plan hash value: 1675097246

--------------------------------------------------------------------------------------------------------------
| Id  | Operation                               | Name               | Rows  | Bytes | Cost (%CPU)| Time     |
--------------------------------------------------------------------------------------------------------------
|   0 | SELECT STATEMENT                        |                    |       |       |  3431 (100)|          |
|   1 |  HASH UNIQUE                            |                    |     1 |    61 |  3431   (1)| 00:00:01 |
|   2 |   NESTED LOOPS                          |                    |     1 |    61 |  3430   (1)| 00:00:01 |
|   3 |    NESTED LOOPS                         |                    |     1 |    61 |  3430   (1)| 00:00:01 |
|   4 |     NESTED LOOPS                        |                    |     1 |    52 |  3429   (1)| 00:00:01 |
|   5 |      INDEX RANGE SCAN                   | IX1_FRTS_NFF       |     1 |    37 |  3427   (1)| 00:00:01 |
|   6 |      TABLE ACCESS BY INDEX ROWID BATCHED| FAT_NF_END_ENTREGA |     1 |    15 |     2   (0)| 00:00:01 |
|   7 |       INDEX RANGE SCAN                  | PK_FATENDENT       |     1 |       |     1   (0)| 00:00:01 |
|   8 |     INDEX UNIQUE SCAN                   | PK_CIDADES_1       |     1 |       |     0   (0)|          |
|   9 |    TABLE ACCESS BY INDEX ROWID          | CIDADES            |     1 |     9 |     1   (0)| 00:00:01 |
--------------------------------------------------------------------------------------------------------------

.
========== PHV = 971855240==========
First seen from "08/04/22 11:00:48" (snap #1931)
Last seen from  "08/04/22 20:00:24" (snap #1940)
.
Execs          LIO            PIO            CPU            Elapsed
=====          ===            ===            ===            =======
7,265          4,682,202,110  8,294          36,218.84      36,277.75
.
Plan hash value: 971855240

-------------------------------------------------------------------------------------------------------------
| Id  | Operation                              | Name               | Rows  | Bytes | Cost (%CPU)| Time     |
-------------------------------------------------------------------------------------------------------------
|   0 | SELECT STATEMENT                       |                    |       |       |     8 (100)|          |
|   1 |  HASH UNIQUE                           |                    |     1 |    61 |     8  (13)| 00:00:01 |
|   2 |   NESTED LOOPS SEMI                    |                    |     1 |    61 |     7   (0)| 00:00:01 |
|   3 |    NESTED LOOPS                        |                    |     1 |    24 |     4   (0)| 00:00:01 |
|   4 |     TABLE ACCESS BY INDEX ROWID BATCHED| FAT_NF_END_ENTREGA |     1 |    15 |     3   (0)| 00:00:01 |
|   5 |      INDEX RANGE SCAN                  | PK_FATENDENT       |     1 |       |     2   (0)| 00:00:01 |
|   6 |     TABLE ACCESS BY INDEX ROWID        | CIDADES            |     1 |     9 |     1   (0)| 00:00:01 |
|   7 |      INDEX UNIQUE SCAN                 | PK_CIDADES_1       |     1 |       |     0   (0)|          |
|   8 |    INDEX RANGE SCAN                    | IX1_FRTS_NFF       |     1 |    37 |     3   (0)| 00:00:01 |
-------------------------------------------------------------------------------------------------------------


                                                                                 Per-Plan Execution Statistics Over Time
                                                                                                             Avg                Avg               Avg            Avg            Avg
       Plan Snapshot                              Avg LIO             Avg PIO         Avg ROW         CPU (secs)     Elapsed (secs)  Wall Time (secs)   Buffer Cache   Elapsed (ms)
 Hash Value Time                Execs            Per Exec            Per Exec        Per Exec           Per Exec           Per Exec          Per Exec      Hit Ratio        Per PIO
----------- ------------ ------------ ------------------- ------------------- --------------- ------------------ ------------------ ----------------- -------------- --------------
  971855240 04-AUG 11:00           91          194,192.55               43.87            0.00            1.38570            1.39069            1.3907          99.98          0.104
            04-AUG 12:00          403          688,977.74                9.91            0.00            5.65490            5.67157            5.6716         100.00          0.112
            04-AUG 13:00          681          690,022.01                0.37            0.00            4.75866            4.76209            4.7621         100.00          0.108
            04-AUG 14:01          725          690,228.29                0.00            0.00            4.89937            4.90345            4.9034         100.00
            04-AUG 15:00          754          689,029.71                0.00            0.00            4.86769            4.87232            4.8723         100.00
            04-AUG 16:00        1,157          688,177.77                0.00            0.00            5.41708            5.42448            5.4245         100.00
            04-AUG 17:00        1,584          676,200.91                0.00            0.00            4.90538            4.91169            4.9117         100.00
            04-AUG 18:00          781          686,430.12                0.04            0.00            4.70583            4.71239            4.7124         100.00          0.135
            04-AUG 19:00          374                0.00                0.07            0.00            5.44624            5.45746            5.4575                         0.142
            04-AUG 20:00          715          690,346.60                0.00            0.00            5.03645            5.05754            5.0575         100.00
***********              ------------ ------------------- ------------------- --------------- ------------------ ------------------ ----------------- -------------- --------------
avg                                            569,360.57                5.43            0.00            4.70773            4.71637            4.7164         100.00          0.120
sum                             7,265

 1675097246 28-JUL 15:00        5,368            3,849.08                0.73            0.00            0.02745            0.02838            0.0284          99.98          0.105
            29-JUL 16:00        5,368            3,944.06                0.74            0.00            0.03105            0.03200            0.0320          99.98          0.102
            03-AUG 13:00        5,368            3,966.02                0.74            0.00            0.03227            0.03319            0.0332          99.98          0.103
            03-AUG 16:00        5,646            3,770.89                0.70            0.00            0.02960            0.03053            0.0305          99.98          0.104
            03-AUG 17:00        5,500            3,870.91                0.72            0.00            0.02912            0.03001            0.0300          99.98          0.103
***********              ------------ ------------------- ------------------- --------------- ------------------ ------------------ ----------------- -------------- --------------
avg                                              3,880.19                0.73            0.00            0.02990            0.03082            0.0308          99.98          0.104
sum                            27,250


                                                                                 Summary Execution Statistics Over Time
                                                                                                             Avg                Avg               Avg            Avg            Avg
Snapshot                         Plan             Avg LIO             Avg PIO         Avg ROW         CPU (secs)     Elapsed (secs)  Wall Time (secs)   Buffer Cache   Elapsed (ms)
Time                Execs  Hash Value            Per Exec            Per Exec        Per Exec           Per Exec           Per Exec          Per Exec      Hit Ratio        Per PIO
------------ ------------ ----------- ------------------- ------------------- --------------- ------------------ ------------------ ----------------- -------------- --------------
28-JUL 15:00        5,368  1675097246            3,849.08                0.73            0.00            0.02745            0.02838            0.0284          99.98          0.105
29-JUL 16:00        5,368  1675097246            3,944.06                0.74            0.00            0.03105            0.03200            0.0320          99.98          0.102
03-AUG 13:00        5,368  1675097246            3,966.02                0.74            0.00            0.03227            0.03319            0.0332          99.98          0.103
03-AUG 16:00        5,646  1675097246            3,770.89                0.70            0.00            0.02960            0.03053            0.0305          99.98          0.104
03-AUG 17:00        5,500  1675097246            3,870.91                0.72            0.00            0.02912            0.03001            0.0300          99.98          0.103
04-AUG 11:00           91   971855240          194,192.55               43.87            0.00            1.38570            1.39069            1.3907          99.98          0.104
04-AUG 12:00          403   971855240          688,977.74                9.91            0.00            5.65490            5.67157            5.6716         100.00          0.112
04-AUG 13:00          681   971855240          690,022.01                0.37            0.00            4.75866            4.76209            4.7621         100.00          0.108
04-AUG 14:01          725   971855240          690,228.29                0.00            0.00            4.89937            4.90345            4.9034         100.00
04-AUG 15:00          754   971855240          689,029.71                0.00            0.00            4.86769            4.87232            4.8723         100.00
04-AUG 16:00        1,157   971855240          688,177.77                0.00            0.00            5.41708            5.42448            5.4245         100.00
04-AUG 17:00        1,584   971855240          676,200.91                0.00            0.00            4.90538            4.91169            4.9117         100.00
04-AUG 18:00          781   971855240          686,430.12                0.04            0.00            4.70583            4.71239            4.7124         100.00          0.135
04-AUG 19:00          374   971855240                0.00                0.07            0.00            5.44624            5.45746            5.4575                         0.142
04-AUG 20:00          715   971855240          690,346.60                0.00            0.00            5.03645            5.05754            5.0575         100.00
             ------------             ------------------- ------------------- --------------- ------------------ ------------------ ----------------- -------------- --------------
avg                                            380,867.11                3.86            0.00            3.14845            3.15452            3.1545          99.99          0.112
sum                34,515
